<?xml version="1.0" encoding="UTF-8"?>
<testsuite name="com.bridgelabz.servicetest.test" tests="1" skipped="0" failures="0" errors="0" timestamp="2020-04-16T05:06:24" hostname="vaibhav-Satellite-L655" time="0.003">
  <properties/>
  <testcase name="givenVehicle_BeenParked_ShouldReturnTrue" classname="com.bridgelabz.servicetest.test" time="0.003"/>
  <system-out><![CDATA[]]></system-out>
  <system-err><![CDATA[]]></system-err>
</testsuite>
